<?xml version="1.0" encoding="UTF-8"?>
<!-- Generated by org.testng.reporters.JUnitReportReporter -->
<testsuite hostname="DESKTOP-QIU2A38" failures="0" tests="5" name="Tests.TestClass" time="52.317" errors="0" timestamp="2022-11-10T12:37:18 EET" skipped="0">
  <testcase classname="Tests.TestClass" name="logout" time="14.528"/>
  <system-out/>
  <testcase classname="Tests.TestClass" name="register" time="12.677"/>
  <system-out/>
  <testcase classname="Tests.TestClass" name="login" time="8.447"/>
  <system-out/>
  <testcase classname="Tests.TestClass" name="loginWithInvalidData" time="6.331"/>
  <system-out/>
  <testcase classname="Tests.TestClass" name="registerWithInvalidData" time="10.334"/>
  <system-out/>
</testsuite> <!-- Tests.TestClass -->
